(---------------------------------------------------------------------)
(                                                                     )
(    Allegro Netrev Import Logic                                      )
(                                                                     )
(    Drawing          : Layout.brd                                    )
(    Software Version : 17.2S025                                      )
(    Date/Time        : Fri Dec 13 10:58:05 2024                      )
(                                                                     )
(---------------------------------------------------------------------)


------ Directives ------------

Ripup etch:                  Yes
Ripup delete first segment:  No
Ripup retain bondwire:       No
Ripup symbols:               Always
Missing symbol has error:    No
DRC update:                  Yes
Schematic directory:         'C:\USERS\DUMIT\DESKTOP\P1_2024_433E_DUMITRU_ALEXANDRU-ANDREI_GSD_N7_ORCAD (1)\P1_2024_433E_DUMITRU_ALEXANDRU-ANDREI_GSD_N7_ORCAD\SCHEMATICS\allegro'
Design Directory:            'C:/Users/dumit/Desktop/P1_2024_433E_Dumitru_Alexandru-Andrei_GSD_N7_OrCAD (1)/P1_2024_433E_Dumitru_Alexandru-Andrei_GSD_N7_OrCAD/Layout'
Old design name:             'C:/Users/dumit/Desktop/P1_2024_433E_Dumitru_Alexandru-Andrei_GSD_N7_OrCAD (1)/P1_2024_433E_Dumitru_Alexandru-Andrei_GSD_N7_OrCAD/Layout/Layout.brd'
New design name:             'C:/Users/dumit/Desktop/P1_2024_433E_Dumitru_Alexandru-Andrei_GSD_N7_OrCAD (1)/P1_2024_433E_Dumitru_Alexandru-Andrei_GSD_N7_OrCAD/Layout/Layout.brd'

CmdLine: netrev.exe -y 1 -x -i C:\USERS\DUMIT\DESKTOP\P1_2024_433E_DUMITRU_ALEXANDRU-ANDREI_GSD_N7_ORCAD (1)\P1_2024_433E_DUMITRU_ALEXANDRU-ANDREI_GSD_N7_ORCAD\SCHEMATICS\allegro C:\Users\dumit\Desktop\P1_2024_433E_Dumitru_Alexandru-Andrei_GSD_N7_OrCAD (1)\P1_2024_433E_Dumitru_Alexandru-Andrei_GSD_N7_OrCAD\Layout\Layout.brd C:\Users\dumit\Desktop\P1_2024_433E_Dumitru_Alexandru-Andrei_GSD_N7_OrCAD (1)\P1_2024_433E_Dumitru_Alexandru-Andrei_GSD_N7_OrCAD\Layout\Layout.brd

------ Preparing to read pst files ------

Starting to read C:/USERS/DUMIT/DESKTOP/P1_2024_433E_DUMITRU_ALEXANDRU-ANDREI_GSD_N7_ORCAD (1)/P1_2024_433E_DUMITRU_ALEXANDRU-ANDREI_GSD_N7_ORCAD/SCHEMATICS/allegro/pstchip.dat 
   Finished reading C:/USERS/DUMIT/DESKTOP/P1_2024_433E_DUMITRU_ALEXANDRU-ANDREI_GSD_N7_ORCAD (1)/P1_2024_433E_DUMITRU_ALEXANDRU-ANDREI_GSD_N7_ORCAD/SCHEMATICS/allegro/pstchip.dat (00:00:00.15)
Starting to read C:/USERS/DUMIT/DESKTOP/P1_2024_433E_DUMITRU_ALEXANDRU-ANDREI_GSD_N7_ORCAD (1)/P1_2024_433E_DUMITRU_ALEXANDRU-ANDREI_GSD_N7_ORCAD/SCHEMATICS/allegro/pstxprt.dat 
   Finished reading C:/USERS/DUMIT/DESKTOP/P1_2024_433E_DUMITRU_ALEXANDRU-ANDREI_GSD_N7_ORCAD (1)/P1_2024_433E_DUMITRU_ALEXANDRU-ANDREI_GSD_N7_ORCAD/SCHEMATICS/allegro/pstxprt.dat (00:00:00.00)
Starting to read C:/USERS/DUMIT/DESKTOP/P1_2024_433E_DUMITRU_ALEXANDRU-ANDREI_GSD_N7_ORCAD (1)/P1_2024_433E_DUMITRU_ALEXANDRU-ANDREI_GSD_N7_ORCAD/SCHEMATICS/allegro/pstxnet.dat 
   Finished reading C:/USERS/DUMIT/DESKTOP/P1_2024_433E_DUMITRU_ALEXANDRU-ANDREI_GSD_N7_ORCAD (1)/P1_2024_433E_DUMITRU_ALEXANDRU-ANDREI_GSD_N7_ORCAD/SCHEMATICS/allegro/pstxnet.dat (00:00:00.00)

------ Oversights/Warnings/Errors ------


------ Library Paths ------
MODULEPATH =  . 
           C:/Cadence/SPB_17.2/share/local/pcb/modules 

PSMPATH =  . 
           symbols 
           .. 
           ../symbols 
           C:/Cadence/SPB_17.2/share/local/pcb/symbols 
           C:/Cadence/SPB_17.2/share/pcb/pcb_lib/symbols 
           C:/Cadence/SPB_17.2/share/pcb/allegrolib/symbols 

PADPATH =  . 
           symbols 
           .. 
           ../symbols 
           C:/Cadence/SPB_17.2/share/local/pcb/padstacks 
           C:/Cadence/SPB_17.2/share/pcb/pcb_lib/symbols 
           C:/Cadence/SPB_17.2/share/pcb/allegrolib/symbols 


------ Summary Statistics ------


netrev run on Dec 13 10:58:05 2024
   DESIGN NAME : 'NR7_OSC_DREPTUNGHIULAR'
   PACKAGING ON Jul 30 2017 03:29:02

   COMPILE 'logic'
   CHECK_PIN_NAMES OFF
   CROSS_REFERENCE OFF
   FEEDBACK OFF
   INCREMENTAL OFF
   INTERFACE_TYPE PHYSICAL
   MAX_ERRORS 500
   MERGE_MINIMUM 5
   NET_NAME_CHARS '#%&()*+-./:=>?@[]^_`|'
   NET_NAME_LENGTH 24
   OVERSIGHTS ON
   REPLACE_CHECK OFF
   SINGLE_NODE_NETS ON
   SPLIT_MINIMUM 0
   SUPPRESS   20
   WARNINGS ON

 No error detected
 No oversight detected
 No warning detected

cpu time      0:01:27
elapsed time  0:00:00

